%!Adobe-FontList 1.24
%Locale:0x409

%BeginFont
Handler:DirectoryHandler
FontType:Invalid
OutlineFileName:C:\Users\hebal\Desktop\Alfa_Eta_Dashboar\Font\speed_fond_2.zi
FileModTime:1748382599
%EndFont

%BeginFont
Handler:DirectoryHandler
FontType:Invalid
OutlineFileName:C:\Users\hebal\Desktop\Alfa_Eta_Dashboar\Font\speed_font.zi
FileModTime:1748382229
%EndFont

%BeginFont
Handler:DirectoryHandler
FontType:Invalid
OutlineFileName:C:\Users\hebal\Desktop\Alfa_Eta_Dashboar\Font\speed_font_3.zi
FileModTime:1748382711
%EndFont

%BeginFont
Handler:DirectoryHandler
FontType:Invalid
OutlineFileName:C:\Users\hebal\Desktop\Alfa_Eta_Dashboar\Font\unit_of_measurement_font.zi
FileModTime:1748383205
%EndFont

%BeginFont
Handler:DirectoryHandler
FontType:Invalid
OutlineFileName:C:\Users\hebal\Desktop\Alfa_Eta_Dashboar\Font\unit_of_measurement_font_2.zi
FileModTime:1748383263
%EndFont

